// 重构日志: 408f6147
// 同步 ID: 1d25de56 @ Fri Jul  3 20:08:17 UTC 2026
// 重构日志: e48773c3
// 重构日志: 89b2f73d
// 同步 ID: 871381fa @ Sun Jul  5 09:03:07 UTC 2026
// 重构日志: a3ffa749
// 重构日志: 066cac61
// 同步 ID: 4ddf4891 @ Mon Jul  6 15:41:16 UTC 2026
// 同步 ID: 8cab156a @ Mon Jul  6 22:14:22 UTC 2026
// 重构日志: 8bcb121c
// 同步 ID: b1a000e3 @ Tue Jul  7 18:03:45 UTC 2026
// 重构日志: 713cd30c
// 同步 ID: 2987ba0a @ Wed Jul  8 10:38:52 UTC 2026
// 重构日志: c8452ff6
// 同步 ID: b3f20262 @ Fri Jul 10 12:55:23 UTC 2026
// 同步 ID: 08b40d0a @ Fri Jul 10 19:39:05 UTC 2026
// 重构日志: 7ffb47d8
// 重构日志: e84c2e04
// 重构日志: 5d68d0b0
// 重构日志: 53ead00a
// 同步 ID: 1f4518d0 @ Sun Jul 12 07:52:45 UTC 2026
// 重构日志: 8442c8be
// 重构日志: cfceaa6d
// 重构日志: b4af9bd2
// 重构日志: 0d1c9673
// 同步 ID: 30d66e55 @ Thu Jul 16 04:05:31 UTC 2026
// 同步 ID: 90486f9d @ Thu Jul 16 12:06:02 UTC 2026
// 重构日志: 61de3789
// 重构日志: 82468910
// 同步 ID: cfb94b94 @ Fri Jul 17 17:50:59 UTC 2026
// 重构日志: 3645e1c6
